[debug] [2024-03-11T10:26:47.686Z] ----------------------------------------------------------------------
[debug] [2024-03-11T10:26:47.688Z] Command:       /usr/local/bin/node /usr/local/bin/firebase deploy
[debug] [2024-03-11T10:26:47.688Z] CLI Version:   11.24.0
[debug] [2024-03-11T10:26:47.688Z] Platform:      darwin
[debug] [2024-03-11T10:26:47.688Z] Node Version:  v20.9.0
[debug] [2024-03-11T10:26:47.688Z] Time:          Mon Mar 11 2024 16:26:47 GMT+0600 (Bangladesh Standard Time)
[debug] [2024-03-11T10:26:47.688Z] ----------------------------------------------------------------------
[debug] 
[debug] [2024-03-11T10:26:47.689Z] >>> [apiv2][query] GET https://firebase-public.firebaseio.com/cli.json [none]
[debug] [2024-03-11T10:26:47.748Z] > command requires scopes: ["email","openid","https://www.googleapis.com/auth/cloudplatformprojects.readonly","https://www.googleapis.com/auth/firebase","https://www.googleapis.com/auth/cloud-platform"]
[debug] [2024-03-11T10:26:47.749Z] > authorizing via signed-in user (himel@cohosting.com)
[debug] [2024-03-11T10:26:47.749Z] [iam] checking project price-prediction-52b23 for permissions ["firebase.projects.get","firebasehosting.sites.update"]
[debug] [2024-03-11T10:26:47.749Z] > refreshing access token with scopes: []
[debug] [2024-03-11T10:26:47.749Z] >>> [apiv2][query] POST https://www.googleapis.com/oauth2/v3/token [none]
[debug] [2024-03-11T10:26:47.749Z] >>> [apiv2][body] POST https://www.googleapis.com/oauth2/v3/token [omitted]
[debug] [2024-03-11T10:26:48.123Z] <<< [apiv2][status] POST https://www.googleapis.com/oauth2/v3/token 200
[debug] [2024-03-11T10:26:48.123Z] <<< [apiv2][body] POST https://www.googleapis.com/oauth2/v3/token [omitted]
[debug] [2024-03-11T10:26:48.136Z] >>> [apiv2][query] POST https://cloudresourcemanager.googleapis.com/v1/projects/price-prediction-52b23:testIamPermissions [none]
[debug] [2024-03-11T10:26:48.136Z] >>> [apiv2][(partial)header] POST https://cloudresourcemanager.googleapis.com/v1/projects/price-prediction-52b23:testIamPermissions x-goog-quota-user=projects/price-prediction-52b23
[debug] [2024-03-11T10:26:48.136Z] >>> [apiv2][body] POST https://cloudresourcemanager.googleapis.com/v1/projects/price-prediction-52b23:testIamPermissions {"permissions":["firebase.projects.get","firebasehosting.sites.update"]}
[debug] [2024-03-11T10:26:48.404Z] <<< [apiv2][status] GET https://firebase-public.firebaseio.com/cli.json 200
[debug] [2024-03-11T10:26:48.404Z] <<< [apiv2][body] GET https://firebase-public.firebaseio.com/cli.json {"cloudBuildErrorAfter":1594252800000,"cloudBuildWarnAfter":1590019200000,"defaultNode10After":1594252800000,"minVersion":"3.0.5","node8DeploysDisabledAfter":1613390400000,"node8RuntimeDisabledAfter":1615809600000,"node8WarnAfter":1600128000000}
[debug] [2024-03-11T10:26:49.815Z] <<< [apiv2][status] POST https://cloudresourcemanager.googleapis.com/v1/projects/price-prediction-52b23:testIamPermissions 200
[debug] [2024-03-11T10:26:49.815Z] <<< [apiv2][body] POST https://cloudresourcemanager.googleapis.com/v1/projects/price-prediction-52b23:testIamPermissions {}
[debug] [2024-03-11T10:26:49.816Z] [iam] error while checking permissions, command may fail: FirebaseError: Authorization failed. This account is missing the following required permissions on project price-prediction-52b23:

  firebase.projects.get
  firebasehosting.sites.update
[debug] [2024-03-11T10:26:49.817Z] >>> [apiv2][query] GET https://firebase.googleapis.com/v1beta1/projects/price-prediction-52b23 [none]
[debug] [2024-03-11T10:26:50.504Z] <<< [apiv2][status] GET https://firebase.googleapis.com/v1beta1/projects/price-prediction-52b23 403
[debug] [2024-03-11T10:26:50.504Z] <<< [apiv2][body] GET https://firebase.googleapis.com/v1beta1/projects/price-prediction-52b23 {"error":{"code":403,"message":"The caller does not have permission","status":"PERMISSION_DENIED"}}
[debug] [2024-03-11T10:26:50.504Z] HTTP Error: 403, The caller does not have permission
[debug] [2024-03-11T10:26:50.712Z] FirebaseError: HTTP Error: 403, The caller does not have permission
    at responseToError (/usr/local/lib/node_modules/firebase-tools/lib/responseToError.js:49:12)
    at RetryOperation._fn (/usr/local/lib/node_modules/firebase-tools/lib/apiv2.js:288:77)
    at process.processTicksAndRejections (node:internal/process/task_queues:95:5)
[error] 
[error] Error: Failed to get Firebase project price-prediction-52b23. Please make sure the project exists and your account has permission to access it.
[debug] [2024-03-11T10:27:51.050Z] ----------------------------------------------------------------------
[debug] [2024-03-11T10:27:51.052Z] Command:       /usr/local/bin/node /usr/local/bin/firebase deploy
[debug] [2024-03-11T10:27:51.052Z] CLI Version:   11.24.0
[debug] [2024-03-11T10:27:51.052Z] Platform:      darwin
[debug] [2024-03-11T10:27:51.052Z] Node Version:  v20.9.0
[debug] [2024-03-11T10:27:51.053Z] Time:          Mon Mar 11 2024 16:27:51 GMT+0600 (Bangladesh Standard Time)
[debug] [2024-03-11T10:27:51.053Z] ----------------------------------------------------------------------
[debug] 
[debug] [2024-03-11T10:27:51.091Z] > command requires scopes: ["email","openid","https://www.googleapis.com/auth/cloudplatformprojects.readonly","https://www.googleapis.com/auth/firebase","https://www.googleapis.com/auth/cloud-platform"]
[debug] [2024-03-11T10:27:51.092Z] > authorizing via signed-in user (himel@cohosting.com)
[debug] [2024-03-11T10:27:51.092Z] [iam] checking project price-prediction-56917 for permissions ["firebase.projects.get","firebasehosting.sites.update"]
[debug] [2024-03-11T10:27:51.093Z] >>> [apiv2][query] POST https://cloudresourcemanager.googleapis.com/v1/projects/price-prediction-56917:testIamPermissions [none]
[debug] [2024-03-11T10:27:51.093Z] >>> [apiv2][(partial)header] POST https://cloudresourcemanager.googleapis.com/v1/projects/price-prediction-56917:testIamPermissions x-goog-quota-user=projects/price-prediction-56917
[debug] [2024-03-11T10:27:51.093Z] >>> [apiv2][body] POST https://cloudresourcemanager.googleapis.com/v1/projects/price-prediction-56917:testIamPermissions {"permissions":["firebase.projects.get","firebasehosting.sites.update"]}
[debug] [2024-03-11T10:27:52.473Z] <<< [apiv2][status] POST https://cloudresourcemanager.googleapis.com/v1/projects/price-prediction-56917:testIamPermissions 200
[debug] [2024-03-11T10:27:52.473Z] <<< [apiv2][body] POST https://cloudresourcemanager.googleapis.com/v1/projects/price-prediction-56917:testIamPermissions {"permissions":["firebase.projects.get","firebasehosting.sites.update"]}
[debug] [2024-03-11T10:27:52.474Z] >>> [apiv2][query] GET https://firebase.googleapis.com/v1beta1/projects/price-prediction-56917 [none]
[debug] [2024-03-11T10:27:52.954Z] <<< [apiv2][status] GET https://firebase.googleapis.com/v1beta1/projects/price-prediction-56917 200
[debug] [2024-03-11T10:27:52.955Z] <<< [apiv2][body] GET https://firebase.googleapis.com/v1beta1/projects/price-prediction-56917 {"projectId":"price-prediction-56917","projectNumber":"559357871168","displayName":"price-prediction","name":"projects/price-prediction-56917","resources":{"hostingSite":"price-prediction-56917"},"state":"ACTIVE","etag":"1_2f09e464-7e53-4233-8205-930baf179701"}
[debug] [2024-03-11T10:27:53.992Z] >>> [apiv2][query] GET https://firebasehosting.googleapis.com/v1beta1/projects/price-prediction-56917/sites pageToken=&pageSize=10
[debug] [2024-03-11T10:27:55.043Z] <<< [apiv2][status] GET https://firebasehosting.googleapis.com/v1beta1/projects/price-prediction-56917/sites 200
[debug] [2024-03-11T10:27:55.043Z] <<< [apiv2][body] GET https://firebasehosting.googleapis.com/v1beta1/projects/price-prediction-56917/sites {"sites":[{"name":"projects/price-prediction-56917/sites/price-prediction-56917","defaultUrl":"https://price-prediction-56917.web.app","type":"DEFAULT_SITE"}]}
[debug] [2024-03-11T10:27:55.045Z] >>> [apiv2][query] GET https://firebasehosting.googleapis.com/v1beta1/projects/price-prediction-56917/sites 
[debug] [2024-03-11T10:27:55.605Z] <<< [apiv2][status] GET https://firebasehosting.googleapis.com/v1beta1/projects/price-prediction-56917/sites 200
[debug] [2024-03-11T10:27:55.605Z] <<< [apiv2][body] GET https://firebasehosting.googleapis.com/v1beta1/projects/price-prediction-56917/sites {"sites":[{"name":"projects/price-prediction-56917/sites/price-prediction-56917","defaultUrl":"https://price-prediction-56917.web.app","type":"DEFAULT_SITE"}]}
[debug] [2024-03-11T10:27:55.606Z] >>> [apiv2][query] GET https://firebase.googleapis.com/v1beta1/projects/price-prediction-56917/webApps/-/config [none]
[debug] [2024-03-11T10:27:56.062Z] <<< [apiv2][status] GET https://firebase.googleapis.com/v1beta1/projects/price-prediction-56917/webApps/-/config 200
[debug] [2024-03-11T10:27:56.062Z] <<< [apiv2][body] GET https://firebase.googleapis.com/v1beta1/projects/price-prediction-56917/webApps/-/config {"projectId":"price-prediction-56917","appId":"1:559357871168:web:14ddce50a675c16a7ecba5","storageBucket":"price-prediction-56917.appspot.com","apiKey":"AIzaSyBSFk4V-EtoGvWanmoz3gzYhsrHVDeK3A0","authDomain":"price-prediction-56917.firebaseapp.com","messagingSenderId":"559357871168","measurementId":"G-6QHYHEDLHT"}
[debug] [2024-03-11T10:27:58.102Z] ----------------------------------------------------------------------
[debug] [2024-03-11T10:27:58.103Z] Command:       /usr/local/bin/node /usr/local/bin/firebase deploy
[debug] [2024-03-11T10:27:58.104Z] CLI Version:   11.24.0
[debug] [2024-03-11T10:27:58.104Z] Platform:      darwin
[debug] [2024-03-11T10:27:58.104Z] Node Version:  v20.9.0
[debug] [2024-03-11T10:27:58.104Z] Time:          Mon Mar 11 2024 16:27:58 GMT+0600 (Bangladesh Standard Time)
[debug] [2024-03-11T10:27:58.104Z] ----------------------------------------------------------------------
[debug] 
[debug] [2024-03-11T10:27:58.139Z] > command requires scopes: ["email","openid","https://www.googleapis.com/auth/cloudplatformprojects.readonly","https://www.googleapis.com/auth/firebase","https://www.googleapis.com/auth/cloud-platform"]
[debug] [2024-03-11T10:27:58.139Z] > authorizing via signed-in user (himel@cohosting.com)
[debug] [2024-03-11T10:27:58.139Z] [iam] checking project price-prediction-56917 for permissions ["firebase.projects.get","firebasehosting.sites.update"]
[debug] [2024-03-11T10:27:58.140Z] >>> [apiv2][query] POST https://cloudresourcemanager.googleapis.com/v1/projects/price-prediction-56917:testIamPermissions [none]
[debug] [2024-03-11T10:27:58.140Z] >>> [apiv2][(partial)header] POST https://cloudresourcemanager.googleapis.com/v1/projects/price-prediction-56917:testIamPermissions x-goog-quota-user=projects/price-prediction-56917
[debug] [2024-03-11T10:27:58.140Z] >>> [apiv2][body] POST https://cloudresourcemanager.googleapis.com/v1/projects/price-prediction-56917:testIamPermissions {"permissions":["firebase.projects.get","firebasehosting.sites.update"]}
[debug] [2024-03-11T10:27:59.517Z] <<< [apiv2][status] POST https://cloudresourcemanager.googleapis.com/v1/projects/price-prediction-56917:testIamPermissions 200
[debug] [2024-03-11T10:27:59.517Z] <<< [apiv2][body] POST https://cloudresourcemanager.googleapis.com/v1/projects/price-prediction-56917:testIamPermissions {"permissions":["firebase.projects.get","firebasehosting.sites.update"]}
[debug] [2024-03-11T10:27:59.518Z] >>> [apiv2][query] GET https://firebase.googleapis.com/v1beta1/projects/price-prediction-56917 [none]
[debug] [2024-03-11T10:28:00.030Z] <<< [apiv2][status] GET https://firebase.googleapis.com/v1beta1/projects/price-prediction-56917 200
[debug] [2024-03-11T10:28:00.031Z] <<< [apiv2][body] GET https://firebase.googleapis.com/v1beta1/projects/price-prediction-56917 {"projectId":"price-prediction-56917","projectNumber":"559357871168","displayName":"price-prediction","name":"projects/price-prediction-56917","resources":{"hostingSite":"price-prediction-56917"},"state":"ACTIVE","etag":"1_2f09e464-7e53-4233-8205-930baf179701"}
[debug] [2024-03-11T10:28:00.910Z] >>> [apiv2][query] GET https://firebasehosting.googleapis.com/v1beta1/projects/price-prediction-56917/sites pageToken=&pageSize=10
[debug] [2024-03-11T10:28:01.973Z] <<< [apiv2][status] GET https://firebasehosting.googleapis.com/v1beta1/projects/price-prediction-56917/sites 200
[debug] [2024-03-11T10:28:01.974Z] <<< [apiv2][body] GET https://firebasehosting.googleapis.com/v1beta1/projects/price-prediction-56917/sites {"sites":[{"name":"projects/price-prediction-56917/sites/price-prediction-56917","defaultUrl":"https://price-prediction-56917.web.app","type":"DEFAULT_SITE"}]}
[debug] [2024-03-11T10:28:01.975Z] >>> [apiv2][query] GET https://firebasehosting.googleapis.com/v1beta1/projects/price-prediction-56917/sites 
[debug] [2024-03-11T10:28:02.422Z] <<< [apiv2][status] GET https://firebasehosting.googleapis.com/v1beta1/projects/price-prediction-56917/sites 200
[debug] [2024-03-11T10:28:02.422Z] <<< [apiv2][body] GET https://firebasehosting.googleapis.com/v1beta1/projects/price-prediction-56917/sites {"sites":[{"name":"projects/price-prediction-56917/sites/price-prediction-56917","defaultUrl":"https://price-prediction-56917.web.app","type":"DEFAULT_SITE"}]}
[debug] [2024-03-11T10:28:02.423Z] >>> [apiv2][query] GET https://firebase.googleapis.com/v1beta1/projects/price-prediction-56917/webApps/-/config [none]
[debug] [2024-03-11T10:28:02.843Z] <<< [apiv2][status] GET https://firebase.googleapis.com/v1beta1/projects/price-prediction-56917/webApps/-/config 200
[debug] [2024-03-11T10:28:02.843Z] <<< [apiv2][body] GET https://firebase.googleapis.com/v1beta1/projects/price-prediction-56917/webApps/-/config {"projectId":"price-prediction-56917","appId":"1:559357871168:web:14ddce50a675c16a7ecba5","storageBucket":"price-prediction-56917.appspot.com","apiKey":"AIzaSyBSFk4V-EtoGvWanmoz3gzYhsrHVDeK3A0","authDomain":"price-prediction-56917.firebaseapp.com","messagingSenderId":"559357871168","measurementId":"G-6QHYHEDLHT"}
